<?xml version="1.0" encoding="UTF-8"?>
<!-- Generated by org.testng.reporters.JUnitReportReporter -->
<testsuite hostname="TYSS-Praveen-G" failures="0" tests="3" name="shopperStack.Login" time="6.479" errors="0" timestamp="2024-01-30T11:47:44 IST" skipped="0">
  <testcase classname="shopperStack.Login" name="login" time="3.721"/>
  <testcase classname="shopperStack.Login" name="getProduct" time="2.005"/>
  <testcase classname="shopperStack.Login" name="addProductToWishList" time="0.753"/>
</testsuite> <!-- shopperStack.Login -->
