<?xml version="1.0" encoding="UTF-8"?>
<!-- Generated by org.testng.reporters.JUnitReportReporter -->
<testsuite hostname="TYSS-Praveen-G" failures="0" tests="2" name="APIpractice.ListUsers" time="2.990" errors="0" timestamp="2024-01-29T11:00:35 IST" skipped="0">
  <testcase classname="APIpractice.ListUsers" name="CreateUser" time="2.782"/>
  <testcase classname="APIpractice.ListUsers" name="listuser" time="0.208"/>
</testsuite> <!-- APIpractice.ListUsers -->
