<?xml version="1.0" encoding="UTF-8"?>
<!-- Generated by org.testng.reporters.JUnitReportReporter -->
<testsuite hostname="TYSS-Praveen-G" failures="0" tests="1" name="GitHub.CreateRepo" time="2.077" errors="0" timestamp="2024-01-30T10:16:15 IST" skipped="0">
  <testcase classname="GitHub.CreateRepo" name="deleteRepo" time="2.077"/>
</testsuite> <!-- GitHub.CreateRepo -->
