<?xml version="1.0" encoding="UTF-8"?>
<!-- Generated by org.testng.reporters.JUnitReportReporter -->
<testsuite hostname="TYSS-Praveen-G" failures="0" tests="1" name="Regres.Regres" time="5.364" errors="0" timestamp="2024-02-03T11:03:38 IST" skipped="0">
  <testcase classname="Regres.Regres" name="CreateUser" time="5.364"/>
</testsuite> <!-- Regres.Regres -->
