<?xml version="1.0" encoding="UTF-8"?>
<!-- Generated by org.testng.reporters.JUnitReportReporter -->
<testsuite hostname="TYSS-Praveen-G" failures="0" tests="1" name="Regres.Single_User" time="3.837" errors="0" timestamp="2024-02-03T10:34:11 IST" skipped="0">
  <testcase classname="Regres.Single_User" name="SingleUserNotFound" time="3.837"/>
</testsuite> <!-- Regres.Single_User -->
